      lxc-start 20160802124147.341 INFO     lxc_start_ui - lxc_start.c:main:264 - using rcfile /home/sorunome/.local/share/lxc/test/config
      lxc-start 20160802124147.341 WARN     lxc_confile - confile.c:config_pivotdir:1879 - lxc.pivotdir is ignored.  It will soon become an error.
      lxc-start 20160802124147.341 INFO     lxc_confile - confile.c:config_idmap:1500 - read uid map: type u nsid 0 hostid 100000 range 65536
      lxc-start 20160802124147.341 INFO     lxc_confile - confile.c:config_idmap:1500 - read uid map: type g nsid 0 hostid 100000 range 65536
      lxc-start 20160802124147.343 WARN     lxc_cgmanager - cgmanager.c:cgm_get:989 - do_cgm_get exited with error
      lxc-start 20160802124147.343 INFO     lxc_start - start.c:lxc_check_inherited:251 - closed inherited fd 4
      lxc-start 20160802124147.347 INFO     lxc_container - lxccontainer.c:do_lxcapi_start:797 - Attempting to set proc title to [lxc monitor] /home/sorunome/.local/share/lxc test
      lxc-start 20160802124147.347 INFO     lxc_utils - utils.c:setproctitle:1460 - setting cmdline failed - Operation not permitted
      lxc-start 20160802124147.347 INFO     lxc_seccomp - seccomp.c:parse_config_v2:342 - processing: .reject_force_umount  # comment this to allow umount -f;  not recommended.
      lxc-start 20160802124147.347 INFO     lxc_seccomp - seccomp.c:parse_config_v2:446 - Adding native rule for reject_force_umount action 0
      lxc-start 20160802124147.347 INFO     lxc_seccomp - seccomp.c:do_resolve_add_rule:216 - Setting seccomp rule to reject force umounts

      lxc-start 20160802124147.347 INFO     lxc_seccomp - seccomp.c:parse_config_v2:449 - Adding compat rule for reject_force_umount action 0
      lxc-start 20160802124147.347 INFO     lxc_seccomp - seccomp.c:do_resolve_add_rule:216 - Setting seccomp rule to reject force umounts

      lxc-start 20160802124147.347 INFO     lxc_seccomp - seccomp.c:parse_config_v2:342 - processing: .[all].
      lxc-start 20160802124147.347 INFO     lxc_seccomp - seccomp.c:parse_config_v2:342 - processing: .kexec_load errno 1.
      lxc-start 20160802124147.347 INFO     lxc_seccomp - seccomp.c:parse_config_v2:446 - Adding native rule for kexec_load action 327681
      lxc-start 20160802124147.347 INFO     lxc_seccomp - seccomp.c:parse_config_v2:449 - Adding compat rule for kexec_load action 327681
      lxc-start 20160802124147.347 INFO     lxc_seccomp - seccomp.c:parse_config_v2:342 - processing: .open_by_handle_at errno 1.
      lxc-start 20160802124147.347 INFO     lxc_seccomp - seccomp.c:parse_config_v2:446 - Adding native rule for open_by_handle_at action 327681
      lxc-start 20160802124147.347 INFO     lxc_seccomp - seccomp.c:parse_config_v2:449 - Adding compat rule for open_by_handle_at action 327681
      lxc-start 20160802124147.347 INFO     lxc_seccomp - seccomp.c:parse_config_v2:342 - processing: .init_module errno 1.
      lxc-start 20160802124147.347 INFO     lxc_seccomp - seccomp.c:parse_config_v2:446 - Adding native rule for init_module action 327681
      lxc-start 20160802124147.347 INFO     lxc_seccomp - seccomp.c:parse_config_v2:449 - Adding compat rule for init_module action 327681
      lxc-start 20160802124147.347 INFO     lxc_seccomp - seccomp.c:parse_config_v2:342 - processing: .finit_module errno 1.
      lxc-start 20160802124147.347 INFO     lxc_seccomp - seccomp.c:parse_config_v2:446 - Adding native rule for finit_module action 327681
      lxc-start 20160802124147.347 INFO     lxc_seccomp - seccomp.c:parse_config_v2:449 - Adding compat rule for finit_module action 327681
      lxc-start 20160802124147.347 INFO     lxc_seccomp - seccomp.c:parse_config_v2:342 - processing: .delete_module errno 1.
      lxc-start 20160802124147.347 INFO     lxc_seccomp - seccomp.c:parse_config_v2:446 - Adding native rule for delete_module action 327681
      lxc-start 20160802124147.347 INFO     lxc_seccomp - seccomp.c:parse_config_v2:449 - Adding compat rule for delete_module action 327681
      lxc-start 20160802124147.347 INFO     lxc_seccomp - seccomp.c:parse_config_v2:456 - Merging in the compat seccomp ctx into the main one
      lxc-start 20160802124147.347 DEBUG    lxc_start - start.c:setup_signal_fd:289 - sigchild handler set
      lxc-start 20160802124147.347 INFO     lxc_start - start.c:lxc_check_inherited:251 - closed inherited fd 4
      lxc-start 20160802124147.347 DEBUG    lxc_console - console.c:lxc_console_peer_default:469 - no console peer
      lxc-start 20160802124147.353 INFO     lxc_monitor - monitor.c:lxc_monitor_sock_name:178 - using monitor sock name lxc/03f1dadd0b8bec9c//home/sorunome/.local/share/lxc
      lxc-start 20160802124147.460 INFO     lxc_start - start.c:lxc_init:488 - 'test' is initialized
      lxc-start 20160802124147.460 DEBUG    lxc_start - start.c:__lxc_start:1326 - Not dropping cap_sys_boot or watching utmp
      lxc-start 20160802124147.460 INFO     lxc_start - start.c:resolve_clone_flags:1013 - Cloning a new user namespace
      lxc-start 20160802124147.460 INFO     lxc_cgroup - cgroup.c:cgroup_init:68 - cgroup driver cgmanager initing for test
      lxc-start 20160802124147.506 NOTICE   lxc_start - start.c:do_start:777 - switching to gid/uid 0/0 in new user namespace
      lxc-start 20160802124147.506 DEBUG    lxc_conf - conf.c:setup_rootfs:1215 - mounted '/home/sorunome/.local/share/lxc/test/rootfs' on '/usr/lib/lxc/rootfs'
      lxc-start 20160802124147.506 INFO     lxc_conf - conf.c:setup_utsname:843 - 'test' hostname has been setup
      lxc-start 20160802124147.506 INFO     lxc_conf - conf.c:setup_network:2393 - network has been setup
      lxc-start 20160802124147.506 INFO     lxc_conf - conf.c:mount_autodev:1072 - Mounting container /dev
      lxc-start 20160802124147.506 INFO     lxc_conf - conf.c:mount_autodev:1095 - Mounted tmpfs onto /usr/lib/lxc/rootfs/dev
      lxc-start 20160802124147.506 INFO     lxc_conf - conf.c:mount_autodev:1113 - Mounted container /dev
      lxc-start 20160802124147.506 DEBUG    lxc_conf - conf.c:mount_entry:1657 - remounting /sys/fs/fuse/connections on /usr/lib/lxc/rootfs/sys/fs/fuse/connections to respect bind or remount options
      lxc-start 20160802124147.506 DEBUG    lxc_conf - conf.c:mount_entry:1672 - (at remount) flags for /sys/fs/fuse/connections was 4096, required extra flags are 0
      lxc-start 20160802124147.506 DEBUG    lxc_conf - conf.c:mount_entry:1681 - mountflags already was 4096, skipping remount
      lxc-start 20160802124147.506 DEBUG    lxc_conf - conf.c:mount_entry:1707 - mounted '/sys/fs/fuse/connections' on '/usr/lib/lxc/rootfs/sys/fs/fuse/connections', type 'none'
      lxc-start 20160802124147.506 DEBUG    lxc_conf - conf.c:mount_entry:1657 - remounting /dev/console on /usr/lib/lxc/rootfs/dev/console to respect bind or remount options
      lxc-start 20160802124147.506 DEBUG    lxc_conf - conf.c:mount_entry:1672 - (at remount) flags for /dev/console was 4098, required extra flags are 2
      lxc-start 20160802124147.506 DEBUG    lxc_conf - conf.c:mount_entry:1707 - mounted '/dev/console' on '/usr/lib/lxc/rootfs/dev/console', type 'none'
      lxc-start 20160802124147.506 DEBUG    lxc_conf - conf.c:mount_entry:1657 - remounting /dev/full on /usr/lib/lxc/rootfs/dev/full to respect bind or remount options
      lxc-start 20160802124147.506 DEBUG    lxc_conf - conf.c:mount_entry:1672 - (at remount) flags for /dev/full was 4098, required extra flags are 2
      lxc-start 20160802124147.506 DEBUG    lxc_conf - conf.c:mount_entry:1707 - mounted '/dev/full' on '/usr/lib/lxc/rootfs/dev/full', type 'none'
      lxc-start 20160802124147.506 DEBUG    lxc_conf - conf.c:mount_entry:1657 - remounting /dev/null on /usr/lib/lxc/rootfs/dev/null to respect bind or remount options
      lxc-start 20160802124147.506 DEBUG    lxc_conf - conf.c:mount_entry:1672 - (at remount) flags for /dev/null was 4098, required extra flags are 2
      lxc-start 20160802124147.506 DEBUG    lxc_conf - conf.c:mount_entry:1707 - mounted '/dev/null' on '/usr/lib/lxc/rootfs/dev/null', type 'none'
      lxc-start 20160802124147.506 DEBUG    lxc_conf - conf.c:mount_entry:1657 - remounting /dev/random on /usr/lib/lxc/rootfs/dev/random to respect bind or remount options
      lxc-start 20160802124147.506 DEBUG    lxc_conf - conf.c:mount_entry:1672 - (at remount) flags for /dev/random was 4098, required extra flags are 2
      lxc-start 20160802124147.506 DEBUG    lxc_conf - conf.c:mount_entry:1707 - mounted '/dev/random' on '/usr/lib/lxc/rootfs/dev/random', type 'none'
      lxc-start 20160802124147.506 DEBUG    lxc_conf - conf.c:mount_entry:1657 - remounting /dev/tty on /usr/lib/lxc/rootfs/dev/tty to respect bind or remount options
      lxc-start 20160802124147.506 DEBUG    lxc_conf - conf.c:mount_entry:1672 - (at remount) flags for /dev/tty was 4098, required extra flags are 2
      lxc-start 20160802124147.506 DEBUG    lxc_conf - conf.c:mount_entry:1707 - mounted '/dev/tty' on '/usr/lib/lxc/rootfs/dev/tty', type 'none'
      lxc-start 20160802124147.506 DEBUG    lxc_conf - conf.c:mount_entry:1657 - remounting /dev/urandom on /usr/lib/lxc/rootfs/dev/urandom to respect bind or remount options
      lxc-start 20160802124147.507 DEBUG    lxc_conf - conf.c:mount_entry:1672 - (at remount) flags for /dev/urandom was 4098, required extra flags are 2
      lxc-start 20160802124147.507 DEBUG    lxc_conf - conf.c:mount_entry:1707 - mounted '/dev/urandom' on '/usr/lib/lxc/rootfs/dev/urandom', type 'none'
      lxc-start 20160802124147.507 DEBUG    lxc_conf - conf.c:mount_entry:1657 - remounting /dev/zero on /usr/lib/lxc/rootfs/dev/zero to respect bind or remount options
      lxc-start 20160802124147.507 DEBUG    lxc_conf - conf.c:mount_entry:1672 - (at remount) flags for /dev/zero was 4098, required extra flags are 2
      lxc-start 20160802124147.507 DEBUG    lxc_conf - conf.c:mount_entry:1707 - mounted '/dev/zero' on '/usr/lib/lxc/rootfs/dev/zero', type 'none'
      lxc-start 20160802124147.507 INFO     lxc_conf - conf.c:mount_file_entries:1926 - mount points have been setup
      lxc-start 20160802124147.507 INFO     lxc_conf - conf.c:fill_autodev:1141 - Creating initial consoles under container /dev
      lxc-start 20160802124147.507 INFO     lxc_conf - conf.c:fill_autodev:1152 - Populating container /dev
      lxc-start 20160802124147.507 INFO     lxc_conf - conf.c:fill_autodev:1189 - Populated container /dev
      lxc-start 20160802124147.507 INFO     lxc_conf - conf.c:setup_dev_console:1437 - console has been setup
      lxc-start 20160802124147.507 INFO     lxc_utils - utils.c:mount_proc_if_needed:1726 - I am 1, /proc/self points to '1'
      lxc-start 20160802104147.550 DEBUG    lxc_conf - conf.c:setup_rootfs_pivot_root:1050 - pivot_root syscall to '/usr/lib/lxc/rootfs' successful
      lxc-start 20160802104147.550 DEBUG    lxc_conf - conf.c:lxc_create_tty:3292 - allocated pty '/dev/pts/0' (9/12)
      lxc-start 20160802104147.550 DEBUG    lxc_conf - conf.c:lxc_create_tty:3292 - allocated pty '/dev/pts/1' (13/14)
      lxc-start 20160802104147.550 DEBUG    lxc_conf - conf.c:lxc_create_tty:3292 - allocated pty '/dev/pts/2' (15/16)
      lxc-start 20160802104147.550 DEBUG    lxc_conf - conf.c:lxc_create_tty:3292 - allocated pty '/dev/pts/3' (17/18)
      lxc-start 20160802104147.550 INFO     lxc_conf - conf.c:lxc_create_tty:3303 - tty's configured
      lxc-start 20160802104147.550 INFO     lxc_conf - conf.c:setup_tty:995 - 4 tty(s) has been setup
      lxc-start 20160802104147.550 INFO     lxc_conf - conf.c:setup_personality:1393 - set personality to '0x0'
      lxc-start 20160802104147.550 DEBUG    lxc_conf - conf.c:setup_caps:2056 - drop capability 'mac_admin' (33)
      lxc-start 20160802104147.550 DEBUG    lxc_conf - conf.c:setup_caps:2056 - drop capability 'mac_override' (32)
      lxc-start 20160802104147.550 DEBUG    lxc_conf - conf.c:setup_caps:2056 - drop capability 'sys_time' (25)
      lxc-start 20160802104147.550 DEBUG    lxc_conf - conf.c:setup_caps:2056 - drop capability 'sys_module' (16)
      lxc-start 20160802104147.550 DEBUG    lxc_conf - conf.c:setup_caps:2056 - drop capability 'sys_rawio' (17)
      lxc-start 20160802104147.550 DEBUG    lxc_conf - conf.c:setup_caps:2065 - capabilities have been setup
      lxc-start 20160802104147.550 NOTICE   lxc_conf - conf.c:lxc_setup:3839 - 'test' is setup.
      lxc-start 20160802104147.550 NOTICE   lxc_start - start.c:start:1435 - exec'ing '/sbin/init'
      lxc-start 20160802124147.550 NOTICE   lxc_start - start.c:post_start:1446 - '/sbin/init' started with pid '2936'
      lxc-start 20160802124147.550 WARN     lxc_start - start.c:signal_handler:337 - invalid pid for SIGCHLD
      lxc-start 20160802124147.550 DEBUG    lxc_commands - commands.c:lxc_cmd_handler:893 - peer has disconnected
      lxc-start 20160802124147.551 DEBUG    lxc_commands - commands.c:lxc_cmd_get_state:579 - 'test' is in 'RUNNING' state
      lxc-start 20160802124147.551 DEBUG    lxc_commands - commands.c:lxc_cmd_handler:893 - peer has disconnected
      lxc-start 20160802124318.892 DEBUG    lxc_commands - commands.c:lxc_cmd_handler:893 - peer has disconnected
      lxc-start 20160802124318.893 DEBUG    lxc_commands - commands.c:lxc_cmd_handler:893 - peer has disconnected
      lxc-start 20160802124318.950 DEBUG    lxc_commands - commands.c:lxc_cmd_handler:893 - peer has disconnected
      lxc-start 20160802124318.951 DEBUG    lxc_commands - commands.c:lxc_cmd_handler:893 - peer has disconnected
      lxc-start 20160802124318.951 DEBUG    lxc_commands - commands.c:lxc_cmd_handler:893 - peer has disconnected
      lxc-start 20160802124318.951 DEBUG    lxc_commands - commands.c:lxc_cmd_handler:893 - peer has disconnected
      lxc-start 20160802124318.956 DEBUG    lxc_commands - commands.c:lxc_cmd_handler:893 - peer has disconnected
      lxc-start 20160802124318.957 DEBUG    lxc_commands - commands.c:lxc_cmd_handler:893 - peer has disconnected
      lxc-start 20160802124419.010 DEBUG    lxc_start - start.c:signal_handler:341 - container init process exited
      lxc-start 20160802124419.010 DEBUG    lxc_start - start.c:__lxc_start:1391 - unknown exit status for init: 9
      lxc-start 20160802124419.010 DEBUG    lxc_start - start.c:__lxc_start:1396 - Pushing physical nics back to host namespace
      lxc-start 20160802124419.010 DEBUG    lxc_start - start.c:__lxc_start:1399 - Tearing down virtual network devices used by container
      lxc-start 20160802124419.010 INFO     lxc_error - error.c:lxc_error_set_and_log:55 - child <2936> ended on signal (9)
